C51 COMPILER V9.01   MAIN                                                                  09/15/2024 13:07:08 PAGE 1   


C51 COMPILER V9.01, COMPILATION OF MODULE MAIN
OBJECT MODULE PLACED IN main.OBJ
COMPILER INVOKED BY: C:\Keil\C51\BIN\C51.EXE main.c BROWSE DEBUG OBJECTEXTEND

line level    source

   1          #include "main.h"
   2          #include "..\lib\delay_ms.h"
   3          
   4          
   5          #define SEG P0
   6          sbit BTN = P1^0;
   7          sbit TRG = P2^0;
   8          unsigned char code Code7Seg[] = {0xC0, 0xF9, 0xA4, 0xB0, 0x99, 0x92, 0x82, 0xF8, 0x80, 0x90};
   9          int main()
  10          {
  11   1              signed char i;
  12   1              while(1)
  13   1              {
  14   2                      if (BTN == 0)
  15   2                      {
  16   3                              
  17   3                              while (BTN == 0);
  18   3                              for (i=9; i>=0; i--)
  19   3                              {
  20   4                                      SEG = Code7Seg[i];
  21   4                                      delay_ms_timer(1000);
  22   4                              }
  23   3                              TRG = 0;
  24   3                              for (i=0; i<10; i++)
  25   3                              {
  26   4                                      SEG = Code7Seg[i];
  27   4                                      delay_ms_timer(1000);
  28   4                              }
  29   3                              TRG = 1;
  30   3                      }
  31   2              }
  32   1      }


MODULE INFORMATION:   STATIC OVERLAYABLE
   CODE SIZE        =     96    ----
   CONSTANT SIZE    =     10    ----
   XDATA SIZE       =   ----    ----
   PDATA SIZE       =   ----    ----
   DATA SIZE        =   ----       1
   IDATA SIZE       =   ----    ----
   BIT SIZE         =   ----    ----
END OF MODULE INFORMATION.


C51 COMPILATION COMPLETE.  0 WARNING(S),  0 ERROR(S)
