C51 COMPILER V9.01   MAIN                                                                  09/11/2024 19:51:21 PAGE 1   


C51 COMPILER V9.01, COMPILATION OF MODULE MAIN
OBJECT MODULE PLACED IN main.OBJ
COMPILER INVOKED BY: C:\Keil\C51\BIN\C51.EXE main.c BROWSE DEBUG OBJECTEXTEND

line level    source

   1          #include "main.h"
   2          
   3          sbit LED_PIN = P0^0;
   4          void delay_ms_timer(unsigned int t)
   5              {
   6   1              unsigned int i;
   7   1              for (i=0; i<t; i++)
   8   1              {
   9   2                  TMOD |= 0x00; //timer 0 mode 0 = mode 13bit
  10   2                  TH0=0xE0; 
  11   2                  TL0=0x18;
  12   2                  TR0=1; //timer run
  13   2                  while (TF0 == 0); //tran timer
  14   2                  TR0 = 0;
  15   2                  TF0 = 0;
  16   2              }
  17   1          }
  18          int main()
  19          {
  20   1              
  21   1          while (1)
  22   1              {
  23   2                      LED_PIN = !LED_PIN;
  24   2                      delay_ms_timer(500);
  25   2              }
  26   1      }


MODULE INFORMATION:   STATIC OVERLAYABLE
   CODE SIZE        =     44    ----
   CONSTANT SIZE    =   ----    ----
   XDATA SIZE       =   ----    ----
   PDATA SIZE       =   ----    ----
   DATA SIZE        =   ----    ----
   IDATA SIZE       =   ----    ----
   BIT SIZE         =   ----    ----
END OF MODULE INFORMATION.


C51 COMPILATION COMPLETE.  0 WARNING(S),  0 ERROR(S)
