C51 COMPILER V9.01   MAIN                                                                  09/10/2024 23:13:42 PAGE 1   


C51 COMPILER V9.01, COMPILATION OF MODULE MAIN
OBJECT MODULE PLACED IN main.OBJ
COMPILER INVOKED BY: C:\Keil\C51\BIN\C51.EXE main.c OMF2 BROWSE DEBUG

line level    source

   1          #include "main.h"
   2          #include "..\lib\UART_mode1.h"
   3          #include <stdio.h>
   4          
   5          int main()
   6          {
   7   1              char c;
   8   1              UART_mode1_Init();
   9   1              printf("HELLO WORLD!!!");
  10   1              while(1)
  11   1              {
  12   2                 c = _getkey();
  13   2                 P2 = c;
  14   2              }
  15   1      }                                                          


MODULE INFORMATION:   STATIC OVERLAYABLE
   CODE SIZE        =     19    ----
   CONSTANT SIZE    =     15    ----
   XDATA SIZE       =   ----    ----
   PDATA SIZE       =   ----    ----
   DATA SIZE        =   ----    ----
   IDATA SIZE       =   ----    ----
   BIT SIZE         =   ----    ----
   EDATA SIZE       =   ----    ----
   HDATA SIZE       =   ----    ----
   XDATA CONST SIZE =   ----    ----
   FAR CONST SIZE   =   ----    ----
END OF MODULE INFORMATION.


C51 COMPILATION COMPLETE.  0 WARNING(S),  0 ERROR(S)
