C51 COMPILER V9.60.7.0   MAIN                                                              08/30/2024 11:11:21 PAGE 1   


C51 COMPILER V9.60.7.0, COMPILATION OF MODULE MAIN
OBJECT MODULE PLACED IN .\Objects\main.obj
COMPILER INVOKED BY: C:\Keil_v5\C51\BIN\C51.EXE main.c OPTIMIZE(8,SPEED) BROWSE DEBUG OBJECTEXTEND PRINT(.\Listings\main
                    -.lst) TABS(2) OBJECT(.\Objects\main.obj)

line level    source

   1          #include <REGX52.H>
   2          
   3          sbit LED = P1^0;
   4          void Ext_Init()
   5          {
   6   1        EA = 1; //ngat toan cuc
   7   1        EX0 = 1; //ngat ngoai 0
   8   1        IT0 = 1; //ngat canh
   9   1      }
  10          
  11          void Ext0_ISR() interrupt 0
  12          {
  13   1        LED = ~LED;
  14   1      }
  15          int main()
  16          {
  17   1        Ext_Init();
  18   1        while(1);
  19   1      }


MODULE INFORMATION:   STATIC OVERLAYABLE
   CODE SIZE        =     15    ----
   CONSTANT SIZE    =   ----    ----
   XDATA SIZE       =   ----    ----
   PDATA SIZE       =   ----    ----
   DATA SIZE        =   ----    ----
   IDATA SIZE       =   ----    ----
   BIT SIZE         =   ----    ----
END OF MODULE INFORMATION.


C51 COMPILATION COMPLETE.  0 WARNING(S),  0 ERROR(S)
