C51 COMPILER V9.01   MAIN                                                                  09/18/2024 19:10:50 PAGE 1   


C51 COMPILER V9.01, COMPILATION OF MODULE MAIN
OBJECT MODULE PLACED IN main.OBJ
COMPILER INVOKED BY: C:\Keil\C51\BIN\C51.EXE main.c BROWSE DEBUG OBJECTEXTEND

line level    source

   1          #include "main.h"
   2          
   3          void delay_1s()
   4          {
   5   1              unsigned char i;
   6   1              TR2 = 1;
   7   1              for (i=0; i<20; i++)
   8   1              {
   9   2                      while(!TF2);
  10   2                      TF2 = 0;
  11   2              }
  12   1              TR2 = 0;
  13   1      }
  14          int main()
  15          {
  16   1              T2CON = 0x00;
  17   1              T2MOD = 0x00;
  18   1      
  19   1              RCAP2H = 0x3C;
  20   1              RCAP2L = 0xB0;
  21   1              TH2 = 0x3C;
  22   1              TL2 = 0xB2;
  23   1              while(1)
  24   1              {
  25   2                      P2 = ~P2;
  26   2                      delay_1s();
  27   2              }
  28   1      }


MODULE INFORMATION:   STATIC OVERLAYABLE
   CODE SIZE        =     41    ----
   CONSTANT SIZE    =   ----    ----
   XDATA SIZE       =   ----    ----
   PDATA SIZE       =   ----    ----
   DATA SIZE        =   ----    ----
   IDATA SIZE       =   ----    ----
   BIT SIZE         =   ----    ----
END OF MODULE INFORMATION.


C51 COMPILATION COMPLETE.  0 WARNING(S),  0 ERROR(S)
