C51 COMPILER V9.01   MAIN                                                                  09/15/2024 12:36:33 PAGE 1   


C51 COMPILER V9.01, COMPILATION OF MODULE MAIN
OBJECT MODULE PLACED IN main.OBJ
COMPILER INVOKED BY: C:\Keil\C51\BIN\C51.EXE main.c BROWSE DEBUG OBJECTEXTEND

line level    source

   1          #include "main.h"
   2          #include "..\lib\delay_ms.h"
   3          unsigned char code Code7Seg[] = {0xC0, 0xF9, 0xA4, 0xB0, 0x99, 0x92, 0x82, 0xF8, 0x80, 0x90};
   4          sbit RED = P0^0;
   5          sbit YELLO = P0^1;
   6          sbit GREEN = P0^2;
   7          
   8          #define CHUC P2
   9          #define DVI P3
  10          
  11          int main()
  12          {
  13   1              signed char i;
  14   1              while(1)
  15   1              {
  16   2                      //RED LED
  17   2                      RED = 0;
  18   2                      YELLO = 1;
  19   2                      GREEN = 1;
  20   2                      for (i=20; i>=0; i--)
  21   2                      {
  22   3                              CHUC = Code7Seg[i/10];
  23   3                              DVI = Code7Seg[i%10];
  24   3                              delay_ms_timer(1000);           
  25   3                      }
  26   2      
  27   2                      //GREEN LED
  28   2                      RED = 1;
  29   2                      YELLO = 1;
  30   2                      GREEN = 0;
  31   2                      for (i=16; i>=0; i--)
  32   2                      {
  33   3                              CHUC = Code7Seg[i/10];
  34   3                              DVI = Code7Seg[i%10];
  35   3                              delay_ms_timer(1000);           
  36   3                      }
  37   2      
  38   2                       //RED LED
  39   2                      RED = 1;
  40   2                      YELLO = 0;
  41   2                      GREEN = 1;
  42   2                      for (i=4; i>=0; i--)
  43   2                      {
  44   3                              CHUC = Code7Seg[i/10];
  45   3                              DVI = Code7Seg[i%10];
  46   3                              delay_ms_timer(1000);           
  47   3                      }
  48   2      
  49   2              }
  50   1      }


MODULE INFORMATION:   STATIC OVERLAYABLE
   CODE SIZE        =    254    ----
   CONSTANT SIZE    =     10    ----
C51 COMPILER V9.01   MAIN                                                                  09/15/2024 12:36:33 PAGE 2   

   XDATA SIZE       =   ----    ----
   PDATA SIZE       =   ----    ----
   DATA SIZE        =   ----       1
   IDATA SIZE       =   ----    ----
   BIT SIZE         =   ----    ----
END OF MODULE INFORMATION.


C51 COMPILATION COMPLETE.  0 WARNING(S),  0 ERROR(S)
