C51 COMPILER V9.01   DELAY_MS                                                              09/13/2024 20:20:47 PAGE 1   


C51 COMPILER V9.01, COMPILATION OF MODULE DELAY_MS
OBJECT MODULE PLACED IN .\delay_ms.obj
COMPILER INVOKED BY: C:\Keil\C51\BIN\C51.EXE ..\lib\delay_ms.c BROWSE DEBUG OBJECTEXTEND PRINT(.\delay_ms.lst) OBJECT(.\
                    -delay_ms.obj)

line level    source

   1          #include "delay_ms.h"
   2          void delay_ms_timer(unsigned int t)
   3              {
   4   1              unsigned int i;
   5   1              for (i=0; i<t; i++)
   6   1              {
   7   2                  TMOD |= 0x00; //timer 0 mode 0 = mode 13bit
   8   2                  TH0=0xE0; 
   9   2                  TL0=0x18;
  10   2                  TR0=1; //timer run
  11   2                  while (TF0 == 0); //tran timer
  12   2                  TR0 = 0;
  13   2                  TF0 = 0;
  14   2              }
  15   1          }


MODULE INFORMATION:   STATIC OVERLAYABLE
   CODE SIZE        =     33    ----
   CONSTANT SIZE    =   ----    ----
   XDATA SIZE       =   ----    ----
   PDATA SIZE       =   ----    ----
   DATA SIZE        =   ----    ----
   IDATA SIZE       =   ----    ----
   BIT SIZE         =   ----    ----
END OF MODULE INFORMATION.


C51 COMPILATION COMPLETE.  0 WARNING(S),  0 ERROR(S)
