C51 COMPILER V9.01   MAIN                                                                  09/13/2024 23:01:35 PAGE 1   


C51 COMPILER V9.01, COMPILATION OF MODULE MAIN
OBJECT MODULE PLACED IN main.OBJ
COMPILER INVOKED BY: C:\Keil\C51\BIN\C51.EXE main.c BROWSE DEBUG OBJECTEXTEND

line level    source

   1          #include "main.h"
   2          #include "..\lib\delay_ms.h"
   3          
   4          #define LED P2
   5          sbit BTN = P1^0;
   6          
   7          unsigned char DelayNCheck()
   8          {
   9   1              unsigned int i;
  10   1              for (i=0; i<50; i++)
  11   1              {
  12   2                      delay_ms_timer(10);
  13   2                      if(BTN == 0)
  14   2                      {
  15   3                              while(BTN == 0);
  16   3                              return 1;
  17   3                      }
  18   2              }
  19   1              return 0;
  20   1      }
  21          int main()
  22          {
  23   1              unsigned int i;
  24   1              while(1)
  25   1              {
  26   2                      
  27   2                      LED = 0x00;
  28   2                      for (i=0; i<20; i++)
  29   2                      {
  30   3                              if(DelayNCheck())
  31   3                                      break;
  32   3                              LED = ~LED;
  33   3                      }
  34   2      
  35   2                      LED = 0x55;
  36   2                      for (i=0; i<20; i++)
  37   2                      {
  38   3                              if(DelayNCheck())
  39   3                                      break;
  40   3                              LED = ~LED;
  41   3                      }
  42   2      
  43   2                      LED = 0x0F;
  44   2                      for (i=0; i<20; i++)
  45   2                      {
  46   3                              if(DelayNCheck())
  47   3                                      break;
  48   3                              LED = ~LED;
  49   3                      }
  50   2              }
  51   1      }


MODULE INFORMATION:   STATIC OVERLAYABLE
   CODE SIZE        =    146    ----
C51 COMPILER V9.01   MAIN                                                                  09/13/2024 23:01:35 PAGE 2   

   CONSTANT SIZE    =   ----    ----
   XDATA SIZE       =   ----    ----
   PDATA SIZE       =   ----    ----
   DATA SIZE        =   ----       4
   IDATA SIZE       =   ----    ----
   BIT SIZE         =   ----    ----
END OF MODULE INFORMATION.


C51 COMPILATION COMPLETE.  0 WARNING(S),  0 ERROR(S)
