C51 COMPILER V9.01   MAIN                                                                  09/16/2024 23:31:04 PAGE 1   


C51 COMPILER V9.01, COMPILATION OF MODULE MAIN
OBJECT MODULE PLACED IN main.OBJ
COMPILER INVOKED BY: C:\Keil\C51\BIN\C51.EXE main.c BROWSE DEBUG OBJECTEXTEND

line level    source

   1          #include "main.h"
   2          #include "port.h"
   3          #include "..\lib\delay_ms.h"
   4          
   5          int main()
   6          {
   7   1              IT0 = 1;
   8   1              EX0 = 1;
   9   1              EA = 1;
  10   1      
  11   1              LED0 = LED1 = LED2 = LED3 = 0;
  12   1              while(1)
  13   1              {
  14   2                      PCON |= 0x01;
  15   2              }
  16   1      }
  17          
  18          void EX1_ISR (void) interrupt 0
  19          {
  20   1              delay_ms_timer(20);
  21   1              if(!BTN0)
  22   1              {
  23   2                      LED0 = !LED0;
  24   2                      while(!BTN0);
  25   2              }
  26   1              else if(!BTN1)
  27   1              {
  28   2                      LED1 = !LED1;
  29   2                      while(!BTN1);
  30   2              }
  31   1              else if(!BTN2)
  32   1              {
  33   2                      LED2 = !LED2;
  34   2                      while(!BTN2);
  35   2              }
  36   1              else if(!BTN3)
  37   1              {
  38   2                      LED3 = !LED3;
  39   2                      while(!BTN3);
  40   2              }
  41   1      }


MODULE INFORMATION:   STATIC OVERLAYABLE
   CODE SIZE        =    120    ----
   CONSTANT SIZE    =   ----    ----
   XDATA SIZE       =   ----    ----
   PDATA SIZE       =   ----    ----
   DATA SIZE        =   ----    ----
   IDATA SIZE       =   ----    ----
   BIT SIZE         =   ----    ----
END OF MODULE INFORMATION.


C51 COMPILATION COMPLETE.  0 WARNING(S),  0 ERROR(S)
