C51 COMPILER V9.60.7.0   MAIN                                                              09/05/2024 23:45:07 PAGE 1   


C51 COMPILER V9.60.7.0, COMPILATION OF MODULE MAIN
OBJECT MODULE PLACED IN .\Objects\main.obj
COMPILER INVOKED BY: C:\Keil_v5\C51\BIN\C51.EXE main.c OPTIMIZE(8,SPEED) BROWSE DEBUG OBJECTEXTEND PRINT(.\Listings\main
                    -.lst) TABS(2) OBJECT(.\Objects\main.obj)

line level    source

   1          #include <REGX52.H>
   2          #include <..\lib\delay_ms.h>
   3          void UART_mode0(sBUF)
   4          {
   5   1          SM0 = SM1 = 0; //mode 0
   6   1      
   7   1          SBUF = sBUF; //databuf
   8   1          while (TI == 0); //co ngat truyen/nhan xong
   9   1          TI = 0;
  10   1        P3_2=0; //active shift register
  11   1        P3_2=1;
  12   1      }
  13          void delay_ms_timer(unsigned int t)
  14          {
  15   1        unsigned int i;
  16   1        for (i=0; i<t; i++)
  17   1        {
  18   2          TMOD |= 0x01;
  19   2          TH0=0xFC;
  20   2          TL0=0x66;
  21   2          TR0=1;
  22   2          while (TF0 == 0);
  23   2          TR0 = 0;
  24   2          TF0 = 0;
  25   2        }
  26   1      }
  27          void main()
  28          {
  29   1        
  30   1          while(1)
  31   1          {
  32   2              UART_mode0(0x00);
  33   2              delay_ms_timer(500);
  34   2              UART_mode0(0xFF);
  35   2              delay_ms_timer(500);
  36   2          }
  37   1      }


MODULE INFORMATION:   STATIC OVERLAYABLE
   CODE SIZE        =     72    ----
   CONSTANT SIZE    =   ----    ----
   XDATA SIZE       =   ----    ----
   PDATA SIZE       =   ----    ----
   DATA SIZE        =   ----    ----
   IDATA SIZE       =   ----    ----
   BIT SIZE         =   ----    ----
END OF MODULE INFORMATION.


C51 COMPILATION COMPLETE.  0 WARNING(S),  0 ERROR(S)
