C51 COMPILER V9.60.7.0   MAIN                                                              08/30/2024 21:42:19 PAGE 1   


C51 COMPILER V9.60.7.0, COMPILATION OF MODULE MAIN
OBJECT MODULE PLACED IN main.OBJ
COMPILER INVOKED BY: C:\Keil_v5\C51\BIN\C51.EXE main.c OPTIMIZE(8,SPEED) BROWSE DEBUG OBJECTEXTEND TABS(2)

line level    source

   1          #include <REGX52.H>
   2          
   3          //void delay_ms(unsigned int t){
   4          //  unsigned int x, y;
   5          //  for (x = 0; x < t; x++){
   6          //    for (y = 0; y < 125; y++);
   7          //  }
   8          //}
   9          void delay_ms_timer(unsigned int t)
  10          {
  11   1        unsigned int i;
  12   1        for (i=0; i<t; i++)
  13   1        {
  14   2          TMOD |= 0x01;
  15   2          TH0=0xFC;
  16   2          TL0=0x66;
  17   2          TR0=1;
  18   2          while (TF0 == 0);
  19   2          TR0 = 0;
  20   2          TF0 = 0;
  21   2        }
  22   1      }
  23          void main (void){
  24   1        while (1){
  25   2          P1 ^= 0x01;
  26   2          //delay_ms(1000);
  27   2          delay_ms_timer(1000);
  28   2        }
  29   1      }


MODULE INFORMATION:   STATIC OVERLAYABLE
   CODE SIZE        =     48    ----
   CONSTANT SIZE    =   ----    ----
   XDATA SIZE       =   ----    ----
   PDATA SIZE       =   ----    ----
   DATA SIZE        =   ----    ----
   IDATA SIZE       =   ----    ----
   BIT SIZE         =   ----    ----
END OF MODULE INFORMATION.


C51 COMPILATION COMPLETE.  0 WARNING(S),  0 ERROR(S)
