C51 COMPILER V9.01   MAIN                                                                  09/10/2024 22:45:02 PAGE 1   


C51 COMPILER V9.01, COMPILATION OF MODULE MAIN
OBJECT MODULE PLACED IN main.OBJ
COMPILER INVOKED BY: C:\Keil\C51\BIN\C51.EXE main.c OMF2 BROWSE DEBUG

line level    source

   1          #include "main.h"
   2          #include "..\lib\UART_mode1.h"
   3          
   4          int main()
   5          {
   6   1              P1_0 = 0; //tat LED
   7   1      
   8   1              UART_mode1_Init();
   9   1              while(1)
  10   1              {
  11   2                       if (UART_Data_Ready())
  12   2                       {
  13   3                              if(UART_Read()==0x01)
  14   3                              {
  15   4                                      P1_0 = 1;
  16   4                              }
  17   3                              if(UART_Read()==0x00)
  18   3                              {
  19   4                                      P1_0 = 0;
  20   4                              }
  21   3                       }
  22   2              }
  23   1      }


MODULE INFORMATION:   STATIC OVERLAYABLE
   CODE SIZE        =     29    ----
   CONSTANT SIZE    =   ----    ----
   XDATA SIZE       =   ----    ----
   PDATA SIZE       =   ----    ----
   DATA SIZE        =   ----    ----
   IDATA SIZE       =   ----    ----
   BIT SIZE         =   ----    ----
   EDATA SIZE       =   ----    ----
   HDATA SIZE       =   ----    ----
   XDATA CONST SIZE =   ----    ----
   FAR CONST SIZE   =   ----    ----
END OF MODULE INFORMATION.


C51 COMPILATION COMPLETE.  0 WARNING(S),  0 ERROR(S)
