C51 COMPILER V9.01   DELAY_MS                                                              09/17/2024 22:01:08 PAGE 1   


C51 COMPILER V9.01, COMPILATION OF MODULE DELAY_MS
OBJECT MODULE PLACED IN .\delay_ms.obj
COMPILER INVOKED BY: C:\Keil\C51\BIN\C51.EXE ..\lib\delay_ms.c BROWSE DEBUG OBJECTEXTEND PRINT(.\delay_ms.lst) OBJECT(.\
                    -delay_ms.obj)

line level    source

   1          #include "delay_ms.h"
   2          void delay_ms_timer(unsigned int t)
   3              {
   4   1              unsigned int i;
   5   1                      TMOD &= 0xF0;
   6   1              TMOD |= 0x01; //timer 0 mode 1 = mode 16bit
   7   1              for (i=0; i<t; i++)
   8   1              {       
   9   2                  TH0=0xFC; 
  10   2                  TL0=0x2B;
  11   2                  TR0=1; //timer run
  12   2                  while (TF0 == 0); //tran timer
  13   2                  TR0 = 0;
  14   2                  TF0 = 0;
  15   2              }
  16   1          }


MODULE INFORMATION:   STATIC OVERLAYABLE
   CODE SIZE        =     39    ----
   CONSTANT SIZE    =   ----    ----
   XDATA SIZE       =   ----    ----
   PDATA SIZE       =   ----    ----
   DATA SIZE        =   ----    ----
   IDATA SIZE       =   ----    ----
   BIT SIZE         =   ----    ----
END OF MODULE INFORMATION.


C51 COMPILATION COMPLETE.  0 WARNING(S),  0 ERROR(S)
