C51 COMPILER V9.01   MAIN                                                                  09/18/2024 18:52:31 PAGE 1   


C51 COMPILER V9.01, COMPILATION OF MODULE MAIN
OBJECT MODULE PLACED IN main.OBJ
COMPILER INVOKED BY: C:\Keil\C51\BIN\C51.EXE main.c BROWSE DEBUG OBJECTEXTEND

line level    source

   1          #include "main.h"
   2          #include "..\lib\delay_ms.h"
   3          
   4          unsigned char cnt = 10;
   5          
   6          int main()
   7          {
   8   1              TMOD &= 0xF0;
   9   1              TMOD |= 0x01;
  10   1      
  11   1              TH0= 0x3C;
  12   1              TL0= 0xB0;
  13   1      
  14   1              ET0 = 1;        //cho phep ngat timer0
  15   1              EA = 1;         //ngat toan cuc
  16   1              TR0 = 1;
  17   1      
  18   1              while(1)
  19   1              {
  20   2                      PCON |= 0x01;
  21   2              }
  22   1      }
  23          
  24          void Timer0OverFlow (void) interrupt 1
  25          {
  26   1              TH0 = 0x3C;
  27   1              TL0 = 0xB0;
  28   1              cnt --;
  29   1              if (cnt ==0)
  30   1              {
  31   2                      cnt = 10;
  32   2                      P2 = ~P2;
  33   2              }       
  34   1      }


MODULE INFORMATION:   STATIC OVERLAYABLE
   CODE SIZE        =     39    ----
   CONSTANT SIZE    =   ----    ----
   XDATA SIZE       =   ----    ----
   PDATA SIZE       =   ----    ----
   DATA SIZE        =      1    ----
   IDATA SIZE       =   ----    ----
   BIT SIZE         =   ----    ----
END OF MODULE INFORMATION.


C51 COMPILATION COMPLETE.  0 WARNING(S),  0 ERROR(S)
