C51 COMPILER V9.01   MAIN                                                                  09/18/2024 19:29:09 PAGE 1   


C51 COMPILER V9.01, COMPILATION OF MODULE MAIN
OBJECT MODULE PLACED IN main.OBJ
COMPILER INVOKED BY: C:\Keil\C51\BIN\C51.EXE main.c BROWSE DEBUG OBJECTEXTEND

line level    source

   1          #include "main.h"
   2          
   3          int main()
   4          {
   5   1              T2CON = 0x08;
   6   1              T2MOD = 0x00;
   7   1      
   8   1              RCAP2H = 0x3C;
   9   1              RCAP2L = 0xB0;
  10   1      
  11   1              P2 = 0x00;
  12   1      
  13   1              ET2 = 1;        //ngat tim2
  14   1              EA = 1;         //ngat toan cuc
  15   1              while(1)
  16   1              {
  17   2      
  18   2              }
  19   1      }
  20          
  21          void Timer2_Overflow(void) interrupt  5
  22          {
  23   1              if(EXF2)
  24   1              {
  25   2                      TR2 =1;
  26   2                      EXF2 =0;        
  27   2              }
  28   1              else
  29   1              {
  30   2                      TR2 = 0;
  31   2                      P2++;
  32   2                      TF2 =0;
  33   2              }       
  34   1      }


MODULE INFORMATION:   STATIC OVERLAYABLE
   CODE SIZE        =     35    ----
   CONSTANT SIZE    =   ----    ----
   XDATA SIZE       =   ----    ----
   PDATA SIZE       =   ----    ----
   DATA SIZE        =   ----    ----
   IDATA SIZE       =   ----    ----
   BIT SIZE         =   ----    ----
END OF MODULE INFORMATION.


C51 COMPILATION COMPLETE.  0 WARNING(S),  0 ERROR(S)
