C51 COMPILER V9.01   MAIN                                                                  09/17/2024 21:48:25 PAGE 1   


C51 COMPILER V9.01, COMPILATION OF MODULE MAIN
OBJECT MODULE PLACED IN main.OBJ
COMPILER INVOKED BY: C:\Keil\C51\BIN\C51.EXE main.c OMF2 BROWSE DEBUG

line level    source

   1          #include "main.h"
   2          #include "..\lib\LCD4.h"
   3          
   4          int main()
   5          {
   6   1              unsigned int F, width;
   7   1              Lcd_Init();
   8   1              Lcd_Out(1,1, "Width = ");
   9   1              Lcd_Out(2,1, "F = ");
  10   1              TMOD &= 0xF0;
  11   1              TMOD |= 0x09;
  12   1      
  13   1              while(1)
  14   1              {
  15   2                      TH0 = 0;
  16   2                      TL0 = 0;
  17   2                      
  18   2                      while(INT0);    //bypass muc 1 dau tien
  19   2                      while(!INT0);   //bypass muc 0 dau tien
  20   2                      
  21   2                      TR0 = 1;
  22   2                      while(INT0);
  23   2                      TR0 = 0;
  24   2                      
  25   2                      width = TH0;
  26   2                      width <<= 8;
  27   2                      width |= TL0;
  28   2                      
  29   2                      Lcd_Chr(1, 9, width/10000 + 0x30);
  30   2                      Lcd_Chr_Cp(width%10000/1000 + 0x30);
  31   2                      Lcd_Chr_Cp(width%1000/100 + 0x30);
  32   2                      Lcd_Chr_Cp(width%100/10 + 0x30);
  33   2                      Lcd_Chr_Cp(width%10/1 + 0x30);
  34   2                      
  35   2                      F = 1000000/width/2;
  36   2                      Lcd_Chr(2, 9, F/10000 + 0x30);
  37   2                      Lcd_Chr_Cp(F%10000/1000 + 0x30);
  38   2                      Lcd_Chr_Cp(F%1000/100 + 0x30);
  39   2                      Lcd_Chr_Cp(F%100/10 + 0x30);
  40   2                      Lcd_Chr_Cp(F%10/1 + 0x30);      
  41   2              }
  42   1      }


MODULE INFORMATION:   STATIC OVERLAYABLE
   CODE SIZE        =    371    ----
   CONSTANT SIZE    =     14    ----
   XDATA SIZE       =   ----    ----
   PDATA SIZE       =   ----    ----
   DATA SIZE        =   ----       4
   IDATA SIZE       =   ----    ----
   BIT SIZE         =   ----    ----
   EDATA SIZE       =   ----    ----
   HDATA SIZE       =   ----    ----
   XDATA CONST SIZE =   ----    ----
C51 COMPILER V9.01   MAIN                                                                  09/17/2024 21:48:25 PAGE 2   

   FAR CONST SIZE   =   ----    ----
END OF MODULE INFORMATION.


C51 COMPILATION COMPLETE.  0 WARNING(S),  0 ERROR(S)
