C51 COMPILER V9.01   MAIN                                                                  09/10/2024 22:33:28 PAGE 1   


C51 COMPILER V9.01, COMPILATION OF MODULE MAIN
OBJECT MODULE PLACED IN main.OBJ
COMPILER INVOKED BY: C:\Keil\C51\BIN\C51.EXE main.c OMF2 BROWSE DEBUG

line level    source

   1          #include "main.h"
   2          #include "..\lib\UART_mode1.h"
   3          #include "..\lib\delay_ms.h"
   4          int main()
   5          {
   6   1              UART_mode1_Init();
   7   1              while(1)
   8   1              {
   9   2                      //ON button
  10   2                      if (P1_0 == 0)
  11   2                      {
  12   3                              delay_ms_timer(20);
  13   3                              UART_Write(0x01);
  14   3                              while(P1_0 == 0);
  15   3                      }
  16   2                      //OFF button
  17   2                      if (P1_1 == 0)
  18   2                      {
  19   3                              delay_ms_timer(20);
  20   3                              UART_Write(0x00);
  21   3                              while(P1_1 == 0);
  22   3                      }
  23   2              }
  24   1      }


MODULE INFORMATION:   STATIC OVERLAYABLE
   CODE SIZE        =     41    ----
   CONSTANT SIZE    =   ----    ----
   XDATA SIZE       =   ----    ----
   PDATA SIZE       =   ----    ----
   DATA SIZE        =   ----    ----
   IDATA SIZE       =   ----    ----
   BIT SIZE         =   ----    ----
   EDATA SIZE       =   ----    ----
   HDATA SIZE       =   ----    ----
   XDATA CONST SIZE =   ----    ----
   FAR CONST SIZE   =   ----    ----
END OF MODULE INFORMATION.


C51 COMPILATION COMPLETE.  0 WARNING(S),  0 ERROR(S)
