C51 COMPILER V9.60.7.0   MAIN                                                              08/30/2024 21:59:02 PAGE 1   


C51 COMPILER V9.60.7.0, COMPILATION OF MODULE MAIN
OBJECT MODULE PLACED IN .\Objects\main.obj
COMPILER INVOKED BY: C:\Keil_v5\C51\BIN\C51.EXE main.c OPTIMIZE(8,SPEED) BROWSE DEBUG OBJECTEXTEND PRINT(.\Listings\main
                    -.lst) TABS(2) OBJECT(.\Objects\main.obj)

line level    source

   1          #include <REGX52.H>
   2          void delay_ms_timer(unsigned int t)
   3              {
   4   1              unsigned int i;
   5   1              for (i=0; i<t; i++)
   6   1              {
   7   2                  TMOD |= 0x01; //timer 0 mode 1 = mode 16bit
   8   2                  TH0=0xFC; 
   9   2                  TL0=0x66;
  10   2                  TR0=1; //timer run
  11   2                  while (TF0 == 0); //tran timer
  12   2                  TR0 = 0;
  13   2                  TF0 = 0;
  14   2              }
  15   1          }
  16          int main()
  17          {
  18   1          while (1);
  19   1      }


MODULE INFORMATION:   STATIC OVERLAYABLE
   CODE SIZE        =     38    ----
   CONSTANT SIZE    =   ----    ----
   XDATA SIZE       =   ----    ----
   PDATA SIZE       =   ----    ----
   DATA SIZE        =   ----    ----
   IDATA SIZE       =   ----    ----
   BIT SIZE         =   ----    ----
END OF MODULE INFORMATION.


C51 COMPILATION COMPLETE.  0 WARNING(S),  0 ERROR(S)
